<?xml version="1.0" encoding="UTF-8"?>
<testng-results ignored="0" total="1" passed="1" failed="0" skipped="0">
  <reporter-output>
  </reporter-output>
  <suite started-at="2025-02-04T20:32:04 EST" name="Default suite" finished-at="2025-02-04T20:32:04 EST" duration-ms="34">
    <groups>
    </groups>
    <test started-at="2025-02-04T20:32:04 EST" name="Default test" finished-at="2025-02-04T20:32:04 EST" duration-ms="34">
      <class name="com.Android.Appium_1.GitBranchingTest">
        <test-method signature="demo()[pri:0, instance:com.Android.Appium_1.GitBranchingTest@35cabb2a]" started-at="2025-02-04T20:32:04 EST" name="demo" finished-at="2025-02-04T20:32:04 EST" duration-ms="6" status="PASS">
          <reporter-output>
          </reporter-output>
        </test-method> <!-- demo -->
      </class> <!-- com.Android.Appium_1.GitBranchingTest -->
    </test> <!-- Default test -->
  </suite> <!-- Default suite -->
</testng-results>
